[00000000] new env 00001000
CPU : 0 scheduled env: 1000
CPU : 0 scheduled env: 1000
CPU : 0 scheduled env: 1000
CPU : 0 scheduled env: 1000
CPU : 0 scheduled env: 1000
CPU : 0 scheduled env: 1000
CPU : 0 scheduled env: 1000
CPU : 0 scheduled env: 1000
1000: I am ''
CPU : 0 scheduled env: 1000
CPU : 0 scheduled env: 1000
[00001000] new env 00001001
CPU : 0 scheduled env: 1000
CPU : 0 scheduled env: 1000
CPU : 0 scheduled env: 1000
CPU : 0 scheduled env: 1000
CPU : 0 scheduled env: 1000
CPU : 0 scheduled env: 1000
CPU : 0 scheduled env: 1000
CPU : 0 scheduled env: 1000
CPU : 0 scheduled env: 1000
CPU : 0 scheduled env: 1000
CPU : 0 scheduled env: 1000
CPU : 0 scheduled env: 1000
CPU : 0 scheduled env: 1000
CPU : 0 scheduled env: 1000
CPU : 0 scheduled env: 1000
CPU : 0 scheduled env: 1000
[00001000] new env 00001002
CPU : 0 scheduled env: 1001
CPU : 0 scheduled env: 1000
CPU : 0 scheduled env: 1001
1001: I am '0'
CPU : 0 scheduled env: 1000
CPU : 0 scheduled env: 1001
[00001001] new env 00001003
CPU : 0 scheduled env: 1000
CPU : 0 scheduled env: 1001
CPU : 0 scheduled env: 1000
CPU : 0 scheduled env: 1001
CPU : 0 scheduled env: 1000
CPU : 0 scheduled env: 1001
CPU : 0 scheduled env: 1000
CPU : 0 scheduled env: 1001
CPU : 0 scheduled env: 1000
CPU : 0 scheduled env: 1001
CPU : 0 scheduled env: 1000
CPU : 0 scheduled env: 1001
CPU : 0 scheduled env: 1000
CPU : 0 scheduled env: 1001
[00001001] new env 00001004
CPU : 0 scheduled env: 1003
CPU : 0 scheduled env: 1000
CPU : 0 scheduled env: 1001
CPU : 0 scheduled env: 1003
1003: I am '00'
[00001003] new env 00001005
CPU : 0 scheduled env: 1000
[00001000] exiting gracefully
[00001000] free env 00001000
CPU : 0 scheduled env: 1001
CPU : 0 scheduled env: 1002
CPU : 0 scheduled env: 1003
CPU : 0 scheduled env: 1001
CPU : 0 scheduled env: 1002
1002: I am '1'
[00001002] new env 00002000
CPU : 0 scheduled env: 1003
[00001003] new env 00001006
CPU : 0 scheduled env: 1005
CPU : 0 scheduled env: 1001
CPU : 0 scheduled env: 1002
CPU : 0 scheduled env: 1003
CPU : 0 scheduled env: 1005
1005: I am '000'
[00001005] exiting gracefully
[00001005] free env 00001005
CPU : 0 scheduled env: 1001
CPU : 0 scheduled env: 1002
CPU : 0 scheduled env: 1003
CPU : 0 scheduled env: 1001
[00001001] exiting gracefully
[00001001] free env 00001001
CPU : 0 scheduled env: 1002
CPU : 0 scheduled env: 1003
[00001003] exiting gracefully
[00001003] free env 00001003
CPU : 0 scheduled env: 1002
CPU : 0 scheduled env: 1004
CPU : 0 scheduled env: 1006
CPU : 0 scheduled env: 1002
[00001002] new env 00002003
CPU : 0 scheduled env: 1004
1004: I am '01'
[00001004] new env 00002001
CPU : 0 scheduled env: 1006
CPU : 0 scheduled env: 2000
2000: I am '10'
CPU : 0 scheduled env: 1002
CPU : 0 scheduled env: 1004
CPU : 0 scheduled env: 1006
1006: I am '001'
[00001006] exiting gracefully
[00001006] free env 00001006
CPU : 0 scheduled env: 2000
CPU : 0 scheduled env: 1002
[00001002] exiting gracefully
[00001002] free env 00001002
CPU : 0 scheduled env: 2000
CPU : 0 scheduled env: 2003
CPU : 0 scheduled env: 1004
CPU : 0 scheduled env: 2000
[00002000] new env 00002002
CPU : 0 scheduled env: 2003
CPU : 0 scheduled env: 1004
[00001004] new env 00002006
CPU : 0 scheduled env: 2000
CPU : 0 scheduled env: 2001
CPU : 0 scheduled env: 2003
2003: I am '11'
CPU : 0 scheduled env: 1004
CPU : 0 scheduled env: 2000
CPU : 0 scheduled env: 2001
CPU : 0 scheduled env: 2003
CPU : 0 scheduled env: 1004
CPU : 0 scheduled env: 2000
[00002000] new env 00002005
CPU : 0 scheduled env: 2001
2001: I am '010'
[00002001] exiting gracefully
[00002001] free env 00002001
CPU : 0 scheduled env: 2000
CPU : 0 scheduled env: 2002
CPU : 0 scheduled env: 2003
[00002003] new env 00003001
CPU : 0 scheduled env: 1004
CPU : 0 scheduled env: 2000
CPU : 0 scheduled env: 2002
2002: I am '100'
[00002002] exiting gracefully
[00002002] free env 00002002
CPU : 0 scheduled env: 2000
CPU : 0 scheduled env: 2003
CPU : 0 scheduled env: 1004
[00001004] exiting gracefully
[00001004] free env 00001004
CPU : 0 scheduled env: 2000
CPU : 0 scheduled env: 2003
CPU : 0 scheduled env: 2006
CPU : 0 scheduled env: 2000
CPU : 0 scheduled env: 2003
CPU : 0 scheduled env: 2006
CPU : 0 scheduled env: 2000
[00002000] exiting gracefully
[00002000] free env 00002000
CPU : 0 scheduled env: 2003
CPU : 0 scheduled env: 2005
CPU : 0 scheduled env: 2006
2006: I am '011'
[00002006] exiting gracefully
[00002006] free env 00002006
CPU : 0 scheduled env: 2003
CPU : 0 scheduled env: 2005
CPU : 0 scheduled env: 2003
CPU : 0 scheduled env: 2005
2005: I am '101'
[00002005] exiting gracefully
[00002005] free env 00002005
CPU : 0 scheduled env: 2003
CPU : 0 scheduled env: 2003
CPU : 0 scheduled env: 2003
CPU : 0 scheduled env: 2003
CPU : 0 scheduled env: 2003
CPU : 0 scheduled env: 3001
CPU : 0 scheduled env: 2003
CPU : 0 scheduled env: 3001
CPU : 0 scheduled env: 2003
[00002003] new env 00003005
CPU : 0 scheduled env: 3001
CPU : 0 scheduled env: 2003
CPU : 0 scheduled env: 3001
CPU : 0 scheduled env: 2003
CPU : 0 scheduled env: 3001
CPU : 0 scheduled env: 2003
CPU : 0 scheduled env: 3001
3001: I am '110'
[00003001] exiting gracefully
[00003001] free env 00003001
CPU : 0 scheduled env: 2003
CPU : 0 scheduled env: 2003
CPU : 0 scheduled env: 2003
CPU : 0 scheduled env: 2003
CPU : 0 scheduled env: 2003
[00002003] exiting gracefully
[00002003] free env 00002003
CPU : 0 scheduled env: 3005
CPU : 0 scheduled env: 3005
CPU : 0 scheduled env: 3005
3005: I am '111'
[00003005] exiting gracefully
[00003005] free env 00003005

